<add>
    <doc>
        <field name="first">John</field>
        <field name="last">Doe</field>
        <field name="grade">8</field>
        <field name="subject">Math</field>
        <field name="test">term1</field>
        <field name="marks">90</field>
    </doc>
    <doc>
        <field name="first">John</field>
        <field name="last">Doe</field>
        <field name="grade">8</field>
        <field name="subject">Biology</field>
        <field name="test">term1</field>
        <field name="marks">86</field>
    </doc>
</add>